<?xml version="1.0" encoding="UTF-8"?>
<!-- Generated by org.testng.reporters.JUnitXMLReporter -->
<testsuite ignored="0" hostname="Sauravs-Air" failures="0" tests="6" name="Default test" time="5.429" errors="0" timestamp="2024-05-21T01:09:33 EDT">
  <testcase classname="api.test.DDTests" name="createUserDD" time="2.224"/>
  <testcase classname="api.test.DDTests" name="createUserDD" time="0.229"/>
  <testcase classname="api.test.DDTests" name="createUserDD" time="0.169"/>
  <testcase classname="api.test.DDTests" name="deleteUserByName" time="0.222"/>
  <testcase classname="api.test.DDTests" name="deleteUserByName" time="0.174"/>
  <testcase classname="api.test.DDTests" name="deleteUserByName" time="0.159"/>
</testsuite> <!-- Default test -->
