<?xml version="1.0" encoding="UTF-8"?>
<!-- Generated by org.testng.reporters.JUnitXMLReporter -->
<testsuite ignored="0" hostname="Sauravs-Air" failures="0" tests="10" name="Test" time="8.868" errors="0" timestamp="2024-05-21T01:18:52 EDT">
  <testcase classname="api.test.TC01_Users" name="createUser" time="3.613"/>
  <testcase classname="api.test.TC01_Users" name="getUser" time="0.294"/>
  <testcase classname="api.test.TC01_Users" name="updateUser" time="0.365"/>
  <testcase classname="api.test.TC01_Users" name="deleteUser" time="0.241"/>
  <testcase classname="api.test.DDTests" name="createUserDD" time="0.216"/>
  <testcase classname="api.test.DDTests" name="createUserDD" time="0.171"/>
  <testcase classname="api.test.DDTests" name="createUserDD" time="0.181"/>
  <testcase classname="api.test.DDTests" name="deleteUserByName" time="0.144"/>
  <testcase classname="api.test.DDTests" name="deleteUserByName" time="0.767"/>
  <testcase classname="api.test.DDTests" name="deleteUserByName" time="0.172"/>
</testsuite> <!-- Test -->
