<?xml version="1.0" encoding="UTF-8"?>
<!-- Generated by org.testng.reporters.JUnitXMLReporter -->
<testsuite ignored="0" hostname="Sauravs-Air" failures="0" tests="10" name="Test" time="7.378" errors="0" timestamp="2024-05-21T01:21:25 EDT">
  <testcase classname="api.test.TC01_Users" name="createUser" time="2.994"/>
  <testcase classname="api.test.TC01_Users" name="getUser" time="0.328"/>
  <testcase classname="api.test.TC01_Users" name="updateUser" time="0.367"/>
  <testcase classname="api.test.TC01_Users" name="deleteUser" time="0.168"/>
  <testcase classname="api.test.DDTests" name="createUserDD" time="0.196"/>
  <testcase classname="api.test.DDTests" name="createUserDD" time="0.162"/>
  <testcase classname="api.test.DDTests" name="createUserDD" time="0.162"/>
  <testcase classname="api.test.DDTests" name="deleteUserByName" time="0.153"/>
  <testcase classname="api.test.DDTests" name="deleteUserByName" time="0.162"/>
  <testcase classname="api.test.DDTests" name="deleteUserByName" time="0.195"/>
</testsuite> <!-- Test -->
