<?xml version="1.0" encoding="UTF-8"?>
<testng-results ignored="0" total="10" passed="10" failed="0" skipped="0">
  <reporter-output>
  </reporter-output>
  <suite started-at="2024-05-21T01:21:17 EDT" name="Suite" finished-at="2024-05-21T01:21:25 EDT" duration-ms="7378">
    <groups>
    </groups>
    <test started-at="2024-05-21T01:21:17 EDT" name="Test" finished-at="2024-05-21T01:21:25 EDT" duration-ms="7378">
      <class name="api.test.TC01_Users">
        <test-method is-config="true" signature="dataSetup()[pri:0, instance:api.test.TC01_Users@51e69659]" started-at="2024-05-21T01:21:18 EDT" name="dataSetup" finished-at="2024-05-21T01:21:18 EDT" duration-ms="310" status="PASS">
          <reporter-output>
          </reporter-output>
        </test-method> <!-- dataSetup -->
        <test-method signature="createUser()[pri:1, instance:api.test.TC01_Users@51e69659]" started-at="2024-05-21T01:21:18 EDT" name="createUser" finished-at="2024-05-21T01:21:21 EDT" duration-ms="2994" status="PASS">
          <reporter-output>
          </reporter-output>
        </test-method> <!-- createUser -->
        <test-method signature="getUser()[pri:2, instance:api.test.TC01_Users@51e69659]" started-at="2024-05-21T01:21:21 EDT" name="getUser" finished-at="2024-05-21T01:21:21 EDT" depends-on-methods="api.test.TC01_Users.createUser" duration-ms="328" status="PASS">
          <reporter-output>
          </reporter-output>
        </test-method> <!-- getUser -->
        <test-method signature="updateUser()[pri:3, instance:api.test.TC01_Users@51e69659]" started-at="2024-05-21T01:21:21 EDT" name="updateUser" finished-at="2024-05-21T01:21:22 EDT" depends-on-methods="api.test.TC01_Users.getUser" duration-ms="367" status="PASS">
          <reporter-output>
          </reporter-output>
        </test-method> <!-- updateUser -->
        <test-method signature="deleteUser()[pri:4, instance:api.test.TC01_Users@51e69659]" started-at="2024-05-21T01:21:22 EDT" name="deleteUser" finished-at="2024-05-21T01:21:22 EDT" depends-on-methods="api.test.TC01_Users.getUser" duration-ms="168" status="PASS">
          <reporter-output>
          </reporter-output>
        </test-method> <!-- deleteUser -->
      </class> <!-- api.test.TC01_Users -->
      <class name="api.test.DDTests">
        <test-method signature="createUserDD(java.lang.String,java.lang.String,java.lang.String,java.lang.String,java.lang.String,java.lang.String,java.lang.String)[pri:1, instance:api.test.DDTests@26e356f0]" started-at="2024-05-21T01:21:24 EDT" name="createUserDD" data-provider="Data" finished-at="2024-05-21T01:21:24 EDT" duration-ms="196" status="PASS">
          <params>
            <param index="0">
              <value>
                <![CDATA[1010]]>
              </value>
            </param>
            <param index="1">
              <value>
                <![CDATA[testuser1]]>
              </value>
            </param>
            <param index="2">
              <value>
                <![CDATA[John]]>
              </value>
            </param>
            <param index="3">
              <value>
                <![CDATA[Canedy]]>
              </value>
            </param>
            <param index="4">
              <value>
                <![CDATA[a@gmail.com]]>
              </value>
            </param>
            <param index="5">
              <value>
                <![CDATA[test@1]]>
              </value>
            </param>
            <param index="6">
              <value>
                <![CDATA[1234567897]]>
              </value>
            </param>
          </params>
          <reporter-output>
          </reporter-output>
        </test-method> <!-- createUserDD -->
        <test-method signature="createUserDD(java.lang.String,java.lang.String,java.lang.String,java.lang.String,java.lang.String,java.lang.String,java.lang.String)[pri:1, instance:api.test.DDTests@26e356f0]" started-at="2024-05-21T01:21:24 EDT" name="createUserDD" data-provider="Data" finished-at="2024-05-21T01:21:24 EDT" duration-ms="162" status="PASS">
          <params>
            <param index="0">
              <value>
                <![CDATA[1020]]>
              </value>
            </param>
            <param index="1">
              <value>
                <![CDATA[testuser2]]>
              </value>
            </param>
            <param index="2">
              <value>
                <![CDATA[Kim]]>
              </value>
            </param>
            <param index="3">
              <value>
                <![CDATA[Kom]]>
              </value>
            </param>
            <param index="4">
              <value>
                <![CDATA[b@gmail.com]]>
              </value>
            </param>
            <param index="5">
              <value>
                <![CDATA[test@2]]>
              </value>
            </param>
            <param index="6">
              <value>
                <![CDATA[1234567897]]>
              </value>
            </param>
          </params>
          <reporter-output>
          </reporter-output>
        </test-method> <!-- createUserDD -->
        <test-method signature="createUserDD(java.lang.String,java.lang.String,java.lang.String,java.lang.String,java.lang.String,java.lang.String,java.lang.String)[pri:1, instance:api.test.DDTests@26e356f0]" started-at="2024-05-21T01:21:24 EDT" name="createUserDD" data-provider="Data" finished-at="2024-05-21T01:21:24 EDT" duration-ms="162" status="PASS">
          <params>
            <param index="0">
              <value>
                <![CDATA[1030]]>
              </value>
            </param>
            <param index="1">
              <value>
                <![CDATA[testuser3]]>
              </value>
            </param>
            <param index="2">
              <value>
                <![CDATA[Smith]]>
              </value>
            </param>
            <param index="3">
              <value>
                <![CDATA[Steve]]>
              </value>
            </param>
            <param index="4">
              <value>
                <![CDATA[c@gmail.com]]>
              </value>
            </param>
            <param index="5">
              <value>
                <![CDATA[test@3]]>
              </value>
            </param>
            <param index="6">
              <value>
                <![CDATA[1234567897]]>
              </value>
            </param>
          </params>
          <reporter-output>
          </reporter-output>
        </test-method> <!-- createUserDD -->
        <test-method signature="deleteUserByName(java.lang.String)[pri:2, instance:api.test.DDTests@26e356f0]" started-at="2024-05-21T01:21:24 EDT" name="deleteUserByName" data-provider="UserNames" finished-at="2024-05-21T01:21:24 EDT" duration-ms="153" status="PASS">
          <params>
            <param index="0">
              <value>
                <![CDATA[testuser1]]>
              </value>
            </param>
          </params>
          <reporter-output>
          </reporter-output>
        </test-method> <!-- deleteUserByName -->
        <test-method signature="deleteUserByName(java.lang.String)[pri:2, instance:api.test.DDTests@26e356f0]" started-at="2024-05-21T01:21:24 EDT" name="deleteUserByName" data-provider="UserNames" finished-at="2024-05-21T01:21:24 EDT" duration-ms="162" status="PASS">
          <params>
            <param index="0">
              <value>
                <![CDATA[testuser2]]>
              </value>
            </param>
          </params>
          <reporter-output>
          </reporter-output>
        </test-method> <!-- deleteUserByName -->
        <test-method signature="deleteUserByName(java.lang.String)[pri:2, instance:api.test.DDTests@26e356f0]" started-at="2024-05-21T01:21:24 EDT" name="deleteUserByName" data-provider="UserNames" finished-at="2024-05-21T01:21:25 EDT" duration-ms="195" status="PASS">
          <params>
            <param index="0">
              <value>
                <![CDATA[testuser3]]>
              </value>
            </param>
          </params>
          <reporter-output>
          </reporter-output>
        </test-method> <!-- deleteUserByName -->
      </class> <!-- api.test.DDTests -->
    </test> <!-- Test -->
  </suite> <!-- Suite -->
</testng-results>
