<?xml version="1.0" encoding="UTF-8"?>
<testsuite xmlns:xsi="http://www.w3.org/2001/XMLSchema-instance" xsi:noNamespaceSchemaLocation="https://maven.apache.org/surefire/maven-surefire-plugin/xsd/surefire-test-report-3.0.xsd" version="3.0" name="TestSuite" time="8.4" tests="10" errors="0" skipped="0" failures="0">
  <properties>
[...]
</properties>
  <testcase name="createUser" classname="api.test.TC01_Users" time="3.006">
    <system-out><![CDATA[Message Code (User ID )# 148436820
]]></system-out>
    <system-err><![CDATA[SLF4J: Failed to load class "org.slf4j.impl.StaticLoggerBinder".
SLF4J: Defaulting to no-operation (NOP) logger implementation
SLF4J: See http://www.slf4j.org/codes.html#StaticLoggerBinder for further details.
]]></system-err>
  </testcase>
  <testcase name="getUser" classname="api.test.TC01_Users" time="0.33">
    <system-out><![CDATA[User Details # {
    "id": 148436820,
    "username": "lindy.okon",
    "firstName": "Sha",
    "lastName": "Kuphal",
    "email": "melonie.romaguera@gmail.com",
    "password": "jer3n",
    "phone": "1-048-192-2471",
    "userStatus": 0
}
]]></system-out>
  </testcase>
  <testcase name="updateUser" classname="api.test.TC01_Users" time="0.369">
    <system-out><![CDATA[Updated User Details # {
    "id": 148436820,
    "username": "lindy.okon",
    "firstName": "King",
    "lastName": "Kozey",
    "email": "melonie.romaguera@gmail.com",
    "password": "jer3n",
    "phone": "1-048-192-2471",
    "userStatus": 0
}
]]></system-out>
  </testcase>
  <testcase name="deleteUser" classname="api.test.TC01_Users" time="0.168">
    <system-out><![CDATA[Deleted User Details # {
    "code": 200,
    "type": "unknown",
    "message": "lindy.okon"
}
]]></system-out>
  </testcase>
  <testcase name="createUserDD[1010, testuser1, John, Canedy, a@gmail.com, test@1, 1234567897](1)" classname="api.test.DDTests" time="0.21">
    <system-out><![CDATA[{
    "code": 200,
    "type": "unknown",
    "message": "1010"
}
]]></system-out>
  </testcase>
  <testcase name="createUserDD[1020, testuser2, Kim, Kom, b@gmail.com, test@2, 1234567897](2)" classname="api.test.DDTests" time="0.148">
    <system-out><![CDATA[{
    "code": 200,
    "type": "unknown",
    "message": "1020"
}
]]></system-out>
  </testcase>
  <testcase name="createUserDD[1030, testuser3, Smith, Steve, c@gmail.com, test@3, 1234567897](3)" classname="api.test.DDTests" time="0.162">
    <system-out><![CDATA[{
    "code": 200,
    "type": "unknown",
    "message": "1030"
}
]]></system-out>
  </testcase>
  <testcase name="deleteUserByName[testuser1](1)" classname="api.test.DDTests" time="0.157">
    <system-out><![CDATA[{
    "code": 200,
    "type": "unknown",
    "message": "testuser1"
}
]]></system-out>
  </testcase>
  <testcase name="deleteUserByName[testuser2](2)" classname="api.test.DDTests" time="0.163">
    <system-out><![CDATA[{
    "code": 200,
    "type": "unknown",
    "message": "testuser2"
}
]]></system-out>
  </testcase>
  <testcase name="deleteUserByName[testuser3](3)" classname="api.test.DDTests" time="0.195">
    <system-out><![CDATA[{
    "code": 200,
    "type": "unknown",
    "message": "testuser3"
}
]]></system-out>
  </testcase>
</testsuite>