<?xml version="1.0" encoding="UTF-8"?>
<testng-results ignored="0" total="10" passed="10" failed="0" skipped="0">
  <reporter-output>
  </reporter-output>
  <suite started-at="2024-05-21T01:18:43 EDT" name="Suite" finished-at="2024-05-21T01:18:52 EDT" duration-ms="8868">
    <groups>
    </groups>
    <test started-at="2024-05-21T01:18:43 EDT" name="Test" finished-at="2024-05-21T01:18:52 EDT" duration-ms="8868">
      <class name="api.test.TC01_Users">
        <test-method is-config="true" signature="dataSetup()[pri:0, instance:api.test.TC01_Users@4d154ccd]" started-at="2024-05-21T01:18:44 EDT" name="dataSetup" finished-at="2024-05-21T01:18:44 EDT" duration-ms="304" status="PASS">
          <reporter-output>
          </reporter-output>
        </test-method> <!-- dataSetup -->
        <test-method signature="createUser()[pri:1, instance:api.test.TC01_Users@4d154ccd]" started-at="2024-05-21T01:18:44 EDT" name="createUser" finished-at="2024-05-21T01:18:48 EDT" duration-ms="3613" status="PASS">
          <reporter-output>
          </reporter-output>
        </test-method> <!-- createUser -->
        <test-method signature="getUser()[pri:2, instance:api.test.TC01_Users@4d154ccd]" started-at="2024-05-21T01:18:48 EDT" name="getUser" finished-at="2024-05-21T01:18:48 EDT" depends-on-methods="api.test.TC01_Users.createUser" duration-ms="294" status="PASS">
          <reporter-output>
          </reporter-output>
        </test-method> <!-- getUser -->
        <test-method signature="updateUser()[pri:3, instance:api.test.TC01_Users@4d154ccd]" started-at="2024-05-21T01:18:48 EDT" name="updateUser" finished-at="2024-05-21T01:18:48 EDT" depends-on-methods="api.test.TC01_Users.getUser" duration-ms="365" status="PASS">
          <reporter-output>
          </reporter-output>
        </test-method> <!-- updateUser -->
        <test-method signature="deleteUser()[pri:4, instance:api.test.TC01_Users@4d154ccd]" started-at="2024-05-21T01:18:48 EDT" name="deleteUser" finished-at="2024-05-21T01:18:49 EDT" depends-on-methods="api.test.TC01_Users.getUser" duration-ms="241" status="PASS">
          <reporter-output>
          </reporter-output>
        </test-method> <!-- deleteUser -->
      </class> <!-- api.test.TC01_Users -->
      <class name="api.test.DDTests">
        <test-method signature="createUserDD(java.lang.String,java.lang.String,java.lang.String,java.lang.String,java.lang.String,java.lang.String,java.lang.String)[pri:1, instance:api.test.DDTests@41a0aa7d]" started-at="2024-05-21T01:18:51 EDT" name="createUserDD" data-provider="Data" finished-at="2024-05-21T01:18:51 EDT" duration-ms="216" status="PASS">
          <params>
            <param index="0">
              <value>
                <![CDATA[1010]]>
              </value>
            </param>
            <param index="1">
              <value>
                <![CDATA[testuser1]]>
              </value>
            </param>
            <param index="2">
              <value>
                <![CDATA[John]]>
              </value>
            </param>
            <param index="3">
              <value>
                <![CDATA[Canedy]]>
              </value>
            </param>
            <param index="4">
              <value>
                <![CDATA[a@gmail.com]]>
              </value>
            </param>
            <param index="5">
              <value>
                <![CDATA[test@1]]>
              </value>
            </param>
            <param index="6">
              <value>
                <![CDATA[1234567897]]>
              </value>
            </param>
          </params>
          <reporter-output>
          </reporter-output>
        </test-method> <!-- createUserDD -->
        <test-method signature="createUserDD(java.lang.String,java.lang.String,java.lang.String,java.lang.String,java.lang.String,java.lang.String,java.lang.String)[pri:1, instance:api.test.DDTests@41a0aa7d]" started-at="2024-05-21T01:18:51 EDT" name="createUserDD" data-provider="Data" finished-at="2024-05-21T01:18:51 EDT" duration-ms="171" status="PASS">
          <params>
            <param index="0">
              <value>
                <![CDATA[1020]]>
              </value>
            </param>
            <param index="1">
              <value>
                <![CDATA[testuser2]]>
              </value>
            </param>
            <param index="2">
              <value>
                <![CDATA[Kim]]>
              </value>
            </param>
            <param index="3">
              <value>
                <![CDATA[Kom]]>
              </value>
            </param>
            <param index="4">
              <value>
                <![CDATA[b@gmail.com]]>
              </value>
            </param>
            <param index="5">
              <value>
                <![CDATA[test@2]]>
              </value>
            </param>
            <param index="6">
              <value>
                <![CDATA[1234567897]]>
              </value>
            </param>
          </params>
          <reporter-output>
          </reporter-output>
        </test-method> <!-- createUserDD -->
        <test-method signature="createUserDD(java.lang.String,java.lang.String,java.lang.String,java.lang.String,java.lang.String,java.lang.String,java.lang.String)[pri:1, instance:api.test.DDTests@41a0aa7d]" started-at="2024-05-21T01:18:51 EDT" name="createUserDD" data-provider="Data" finished-at="2024-05-21T01:18:51 EDT" duration-ms="181" status="PASS">
          <params>
            <param index="0">
              <value>
                <![CDATA[1030]]>
              </value>
            </param>
            <param index="1">
              <value>
                <![CDATA[testuser3]]>
              </value>
            </param>
            <param index="2">
              <value>
                <![CDATA[Smith]]>
              </value>
            </param>
            <param index="3">
              <value>
                <![CDATA[Steve]]>
              </value>
            </param>
            <param index="4">
              <value>
                <![CDATA[c@gmail.com]]>
              </value>
            </param>
            <param index="5">
              <value>
                <![CDATA[test@3]]>
              </value>
            </param>
            <param index="6">
              <value>
                <![CDATA[1234567897]]>
              </value>
            </param>
          </params>
          <reporter-output>
          </reporter-output>
        </test-method> <!-- createUserDD -->
        <test-method signature="deleteUserByName(java.lang.String)[pri:2, instance:api.test.DDTests@41a0aa7d]" started-at="2024-05-21T01:18:51 EDT" name="deleteUserByName" data-provider="UserNames" finished-at="2024-05-21T01:18:51 EDT" duration-ms="144" status="PASS">
          <params>
            <param index="0">
              <value>
                <![CDATA[testuser1]]>
              </value>
            </param>
          </params>
          <reporter-output>
          </reporter-output>
        </test-method> <!-- deleteUserByName -->
        <test-method signature="deleteUserByName(java.lang.String)[pri:2, instance:api.test.DDTests@41a0aa7d]" started-at="2024-05-21T01:18:51 EDT" name="deleteUserByName" data-provider="UserNames" finished-at="2024-05-21T01:18:52 EDT" duration-ms="767" status="PASS">
          <params>
            <param index="0">
              <value>
                <![CDATA[testuser2]]>
              </value>
            </param>
          </params>
          <reporter-output>
          </reporter-output>
        </test-method> <!-- deleteUserByName -->
        <test-method signature="deleteUserByName(java.lang.String)[pri:2, instance:api.test.DDTests@41a0aa7d]" started-at="2024-05-21T01:18:52 EDT" name="deleteUserByName" data-provider="UserNames" finished-at="2024-05-21T01:18:52 EDT" duration-ms="172" status="PASS">
          <params>
            <param index="0">
              <value>
                <![CDATA[testuser3]]>
              </value>
            </param>
          </params>
          <reporter-output>
          </reporter-output>
        </test-method> <!-- deleteUserByName -->
      </class> <!-- api.test.DDTests -->
    </test> <!-- Test -->
  </suite> <!-- Suite -->
</testng-results>
